<?xml version="1.0" encoding="UTF-8"?>
<!-- Generated by org.testng.reporters.JUnitXMLReporter -->
<testsuite ignored="0" hostname="LTIN508068" failures="0" tests="14" name="Test search in Edge" time="106.437" errors="0" timestamp="2024-04-02T19:14:56 IST">
  <testcase classname="testScenario.TestCases" name="clickOnAccInfo" time="10.114"/>
  <testcase classname="testScenario.TestCases" name="getName" time="1.04"/>
  <testcase classname="testScenario.TestCases" name="getEmailId" time="1.034"/>
  <testcase classname="testScenario.TestCases" name="ClickOnCompany" time="1.078"/>
  <testcase classname="testScenario.TestCases" name="clickOnAcronym" time="1.129"/>
  <testcase classname="testScenario.TestCases" name="acronymTooltip" time="1.051"/>
  <testcase classname="testScenario.TestCases" name="isAcronymDisp" time="0.02"/>
  <testcase classname="testScenario.TestCases" name="rowCount" time="0.025"/>
  <testcase classname="testScenario.TestCases" name="acronymDataPrint" time="25.796"/>
  <testcase classname="testScenario.TestCases" name="ClickOnBeCogni" time="2.084"/>
  <testcase classname="testScenario.TestCases" name="ValidateCogniHomePage" time="0.007"/>
  <testcase classname="testScenario.TestCases" name="scrollToBottom" time="2.047"/>
  <testcase classname="testScenario.TestCases" name="getStockPriceUSD" time="2.057"/>
  <testcase classname="testScenario.TestCases" name="compareStockPrice" time="33.296"/>
</testsuite> <!-- Test search in Edge -->
