<?xml version="1.0" encoding="UTF-8"?>
<!-- Generated by org.testng.reporters.JUnitXMLReporter -->
<testsuite ignored="0" hostname="LTIN508068" failures="0" tests="14" name="Test search in Edge" time="116.314" errors="0" timestamp="2024-04-02T15:34:59 IST">
  <testcase classname="testScenario.TestCases" name="clickOnAccInfo" time="10.159"/>
  <testcase classname="testScenario.TestCases" name="getName" time="1.036"/>
  <testcase classname="testScenario.TestCases" name="getEmailId" time="1.037"/>
  <testcase classname="testScenario.TestCases" name="ClickOnCompany" time="1.107"/>
  <testcase classname="testScenario.TestCases" name="clickOnAcronym" time="1.104"/>
  <testcase classname="testScenario.TestCases" name="acronymTooltip" time="1.053"/>
  <testcase classname="testScenario.TestCases" name="isAcronymDisp" time="0.017"/>
  <testcase classname="testScenario.TestCases" name="rowCount" time="0.022"/>
  <testcase classname="testScenario.TestCases" name="acronymDataPrint" time="25.174"/>
  <testcase classname="testScenario.TestCases" name="ClickOnBeCogni" time="2.081"/>
  <testcase classname="testScenario.TestCases" name="ValidateCogniHomePage" time="0.01"/>
  <testcase classname="testScenario.TestCases" name="scrollToBottom" time="2.041"/>
  <testcase classname="testScenario.TestCases" name="getStockPriceUSD" time="2.047"/>
  <testcase classname="testScenario.TestCases" name="compareStockPrice" time="32.325"/>
</testsuite> <!-- Test search in Edge -->
