<?xml version="1.0" encoding="UTF-8"?>
<!-- Generated by org.testng.reporters.JUnitXMLReporter -->
<testsuite ignored="0" hostname="LTIN508068" failures="0" tests="14" name="Test search in Chrome" time="110.025" errors="0" timestamp="2024-04-02T19:16:46 IST">
  <testcase classname="testScenario.TestCases" name="clickOnAccInfo" time="10.082"/>
  <testcase classname="testScenario.TestCases" name="getName" time="1.039"/>
  <testcase classname="testScenario.TestCases" name="getEmailId" time="1.036"/>
  <testcase classname="testScenario.TestCases" name="ClickOnCompany" time="1.058"/>
  <testcase classname="testScenario.TestCases" name="clickOnAcronym" time="1.1"/>
  <testcase classname="testScenario.TestCases" name="acronymTooltip" time="1.024"/>
  <testcase classname="testScenario.TestCases" name="isAcronymDisp" time="0.019"/>
  <testcase classname="testScenario.TestCases" name="rowCount" time="0.017"/>
  <testcase classname="testScenario.TestCases" name="acronymDataPrint" time="29.512"/>
  <testcase classname="testScenario.TestCases" name="ClickOnBeCogni" time="2.084"/>
  <testcase classname="testScenario.TestCases" name="ValidateCogniHomePage" time="0.004"/>
  <testcase classname="testScenario.TestCases" name="scrollToBottom" time="2.041"/>
  <testcase classname="testScenario.TestCases" name="getStockPriceUSD" time="2.049"/>
  <testcase classname="testScenario.TestCases" name="compareStockPrice" time="35.672"/>
</testsuite> <!-- Test search in Chrome -->
