<?xml version="1.0" encoding="UTF-8"?>
<!-- Generated by org.testng.reporters.JUnitXMLReporter -->
<testsuite ignored="0" hostname="LTIN508068" failures="0" tests="14" name="Test search in Chrome" time="116.041" errors="0" timestamp="2024-04-04T16:40:41 IST">
  <testcase classname="testScenario.TestCases" name="clickOnAccInfo" time="10.097"/>
  <testcase classname="testScenario.TestCases" name="getName" time="1.035"/>
  <testcase classname="testScenario.TestCases" name="getEmailId" time="1.064"/>
  <testcase classname="testScenario.TestCases" name="ClickOnCompany" time="1.101"/>
  <testcase classname="testScenario.TestCases" name="clickOnAcronym" time="1.099"/>
  <testcase classname="testScenario.TestCases" name="acronymTooltip" time="1.037"/>
  <testcase classname="testScenario.TestCases" name="isAcronymDisp" time="0.017"/>
  <testcase classname="testScenario.TestCases" name="rowCount" time="0.027"/>
  <testcase classname="testScenario.TestCases" name="acronymDataPrint" time="35.184"/>
  <testcase classname="testScenario.TestCases" name="ClickOnBeCogni" time="2.115"/>
  <testcase classname="testScenario.TestCases" name="ValidateCogniHomePage" time="0.006"/>
  <testcase classname="testScenario.TestCases" name="scrollToBottom" time="2.031"/>
  <testcase classname="testScenario.TestCases" name="getStockPriceUSD" time="2.048"/>
  <testcase classname="testScenario.TestCases" name="compareStockPrice" time="36.135"/>
</testsuite> <!-- Test search in Chrome -->
