<?xml version="1.0" encoding="UTF-8"?>
<!-- Generated by org.testng.reporters.JUnitXMLReporter -->
<testsuite ignored="0" hostname="LTIN508068" failures="0" tests="14" name="Test search in Edge" time="121.489" errors="0" timestamp="2024-04-03T20:35:40 IST">
  <testcase classname="testScenario.TestCases" name="clickOnAccInfo" time="10.11"/>
  <testcase classname="testScenario.TestCases" name="getName" time="1.056"/>
  <testcase classname="testScenario.TestCases" name="getEmailId" time="1.036"/>
  <testcase classname="testScenario.TestCases" name="ClickOnCompany" time="1.088"/>
  <testcase classname="testScenario.TestCases" name="clickOnAcronym" time="1.092"/>
  <testcase classname="testScenario.TestCases" name="acronymTooltip" time="1.034"/>
  <testcase classname="testScenario.TestCases" name="isAcronymDisp" time="0.016"/>
  <testcase classname="testScenario.TestCases" name="rowCount" time="0.02"/>
  <testcase classname="testScenario.TestCases" name="acronymDataPrint" time="34.06"/>
  <testcase classname="testScenario.TestCases" name="ClickOnBeCogni" time="2.066"/>
  <testcase classname="testScenario.TestCases" name="ValidateCogniHomePage" time="0.009"/>
  <testcase classname="testScenario.TestCases" name="scrollToBottom" time="2.028"/>
  <testcase classname="testScenario.TestCases" name="getStockPriceUSD" time="2.043"/>
  <testcase classname="testScenario.TestCases" name="compareStockPrice" time="40.285"/>
</testsuite> <!-- Test search in Edge -->
