<?xml version="1.0" encoding="UTF-8"?>
<!-- Generated by org.testng.reporters.JUnitXMLReporter -->
<testsuite ignored="0" hostname="LTIN508068" failures="0" tests="14" name="Test search in Chrome" time="126.662" errors="0" timestamp="2024-04-03T20:37:47 IST">
  <testcase classname="testScenario.TestCases" name="clickOnAccInfo" time="10.134"/>
  <testcase classname="testScenario.TestCases" name="getName" time="1.044"/>
  <testcase classname="testScenario.TestCases" name="getEmailId" time="1.038"/>
  <testcase classname="testScenario.TestCases" name="ClickOnCompany" time="1.115"/>
  <testcase classname="testScenario.TestCases" name="clickOnAcronym" time="1.117"/>
  <testcase classname="testScenario.TestCases" name="acronymTooltip" time="1.025"/>
  <testcase classname="testScenario.TestCases" name="isAcronymDisp" time="0.028"/>
  <testcase classname="testScenario.TestCases" name="rowCount" time="0.031"/>
  <testcase classname="testScenario.TestCases" name="acronymDataPrint" time="37.852"/>
  <testcase classname="testScenario.TestCases" name="ClickOnBeCogni" time="2.124"/>
  <testcase classname="testScenario.TestCases" name="ValidateCogniHomePage" time="0.005"/>
  <testcase classname="testScenario.TestCases" name="scrollToBottom" time="2.046"/>
  <testcase classname="testScenario.TestCases" name="getStockPriceUSD" time="2.29"/>
  <testcase classname="testScenario.TestCases" name="compareStockPrice" time="41.45"/>
</testsuite> <!-- Test search in Chrome -->
