<?xml version="1.0" encoding="UTF-8"?>
<testng-results ignored="0" total="28" passed="28" failed="0" skipped="0">
  <reporter-output>
  </reporter-output>
  <suite started-at="2024-04-03T20:33:38 IST" name="Suite" finished-at="2024-04-03T20:37:47 IST" duration-ms="248444">
    <groups>
    </groups>
    <test started-at="2024-04-03T20:33:38 IST" name="Test search in Edge" finished-at="2024-04-03T20:35:40 IST" duration-ms="121489">
      <class name="testScenario.TestCases">
        <test-method is-config="true" signature="driverconfig(java.lang.String)[pri:0, instance:testScenario.TestCases@97e93f1]" started-at="2024-04-03T20:33:39 IST" name="driverconfig" finished-at="2024-04-03T20:33:47 IST" duration-ms="8155" status="PASS">
          <params>
            <param index="0">
              <value>
                <![CDATA[edge]]>
              </value>
            </param>
          </params>
          <reporter-output>
          </reporter-output>
        </test-method> <!-- driverconfig -->
        <test-method signature="clickOnAccInfo()[pri:0, instance:testScenario.TestCases@97e93f1]" started-at="2024-04-03T20:33:47 IST" name="clickOnAccInfo" finished-at="2024-04-03T20:33:57 IST" duration-ms="10110" status="PASS">
          <reporter-output>
          </reporter-output>
        </test-method> <!-- clickOnAccInfo -->
        <test-method signature="getName()[pri:1, instance:testScenario.TestCases@97e93f1]" started-at="2024-04-03T20:33:57 IST" name="getName" finished-at="2024-04-03T20:33:58 IST" duration-ms="1056" status="PASS">
          <reporter-output>
          </reporter-output>
        </test-method> <!-- getName -->
        <test-method signature="getEmailId()[pri:2, instance:testScenario.TestCases@97e93f1]" started-at="2024-04-03T20:33:58 IST" name="getEmailId" finished-at="2024-04-03T20:34:00 IST" duration-ms="1036" status="PASS">
          <reporter-output>
          </reporter-output>
        </test-method> <!-- getEmailId -->
        <test-method signature="ClickOnCompany()[pri:3, instance:testScenario.TestCases@97e93f1]" started-at="2024-04-03T20:34:00 IST" name="ClickOnCompany" finished-at="2024-04-03T20:34:01 IST" duration-ms="1088" status="PASS">
          <reporter-output>
          </reporter-output>
        </test-method> <!-- ClickOnCompany -->
        <test-method signature="clickOnAcronym()[pri:4, instance:testScenario.TestCases@97e93f1]" started-at="2024-04-03T20:34:01 IST" name="clickOnAcronym" finished-at="2024-04-03T20:34:02 IST" duration-ms="1092" status="PASS">
          <reporter-output>
          </reporter-output>
        </test-method> <!-- clickOnAcronym -->
        <test-method signature="acronymTooltip()[pri:5, instance:testScenario.TestCases@97e93f1]" started-at="2024-04-03T20:34:04 IST" name="acronymTooltip" finished-at="2024-04-03T20:34:05 IST" duration-ms="1034" status="PASS">
          <reporter-output>
          </reporter-output>
        </test-method> <!-- acronymTooltip -->
        <test-method signature="isAcronymDisp()[pri:6, instance:testScenario.TestCases@97e93f1]" started-at="2024-04-03T20:34:05 IST" name="isAcronymDisp" finished-at="2024-04-03T20:34:05 IST" duration-ms="16" status="PASS">
          <reporter-output>
          </reporter-output>
        </test-method> <!-- isAcronymDisp -->
        <test-method signature="rowCount()[pri:7, instance:testScenario.TestCases@97e93f1]" started-at="2024-04-03T20:34:05 IST" name="rowCount" finished-at="2024-04-03T20:34:05 IST" duration-ms="20" status="PASS">
          <reporter-output>
          </reporter-output>
        </test-method> <!-- rowCount -->
        <test-method signature="acronymDataPrint()[pri:9, instance:testScenario.TestCases@97e93f1]" started-at="2024-04-03T20:34:05 IST" name="acronymDataPrint" finished-at="2024-04-03T20:34:39 IST" duration-ms="34060" status="PASS">
          <reporter-output>
          </reporter-output>
        </test-method> <!-- acronymDataPrint -->
        <test-method signature="ClickOnBeCogni()[pri:10, instance:testScenario.TestCases@97e93f1]" started-at="2024-04-03T20:34:39 IST" name="ClickOnBeCogni" finished-at="2024-04-03T20:34:41 IST" duration-ms="2066" status="PASS">
          <reporter-output>
          </reporter-output>
        </test-method> <!-- ClickOnBeCogni -->
        <test-method signature="ValidateCogniHomePage()[pri:11, instance:testScenario.TestCases@97e93f1]" started-at="2024-04-03T20:34:42 IST" name="ValidateCogniHomePage" finished-at="2024-04-03T20:34:42 IST" duration-ms="9" status="PASS">
          <reporter-output>
          </reporter-output>
        </test-method> <!-- ValidateCogniHomePage -->
        <test-method signature="scrollToBottom()[pri:12, instance:testScenario.TestCases@97e93f1]" started-at="2024-04-03T20:34:42 IST" name="scrollToBottom" finished-at="2024-04-03T20:34:44 IST" duration-ms="2028" status="PASS">
          <reporter-output>
          </reporter-output>
        </test-method> <!-- scrollToBottom -->
        <test-method signature="getStockPriceUSD()[pri:13, instance:testScenario.TestCases@97e93f1]" started-at="2024-04-03T20:34:44 IST" name="getStockPriceUSD" finished-at="2024-04-03T20:34:46 IST" duration-ms="2043" status="PASS">
          <reporter-output>
          </reporter-output>
        </test-method> <!-- getStockPriceUSD -->
        <test-method signature="compareStockPrice()[pri:14, instance:testScenario.TestCases@97e93f1]" started-at="2024-04-03T20:34:46 IST" name="compareStockPrice" finished-at="2024-04-03T20:35:27 IST" duration-ms="40285" status="PASS">
          <reporter-output>
          </reporter-output>
        </test-method> <!-- compareStockPrice -->
        <test-method is-config="true" signature="closeBrow()[pri:0, instance:testScenario.TestCases@97e93f1]" started-at="2024-04-03T20:35:27 IST" name="closeBrow" finished-at="2024-04-03T20:35:40 IST" duration-ms="13247" status="PASS">
          <reporter-output>
          </reporter-output>
        </test-method> <!-- closeBrow -->
      </class> <!-- testScenario.TestCases -->
    </test> <!-- Test search in Edge -->
    <test started-at="2024-04-03T20:35:40 IST" name="Test search in Chrome" finished-at="2024-04-03T20:37:47 IST" duration-ms="126662">
      <class name="testScenario.TestCases">
        <test-method is-config="true" signature="driverconfig(java.lang.String)[pri:0, instance:testScenario.TestCases@5a7fe64f]" started-at="2024-04-03T20:35:40 IST" name="driverconfig" finished-at="2024-04-03T20:35:47 IST" duration-ms="6877" status="PASS">
          <params>
            <param index="0">
              <value>
                <![CDATA[chrome]]>
              </value>
            </param>
          </params>
          <reporter-output>
          </reporter-output>
        </test-method> <!-- driverconfig -->
        <test-method signature="clickOnAccInfo()[pri:0, instance:testScenario.TestCases@5a7fe64f]" started-at="2024-04-03T20:35:47 IST" name="clickOnAccInfo" finished-at="2024-04-03T20:35:57 IST" duration-ms="10134" status="PASS">
          <reporter-output>
          </reporter-output>
        </test-method> <!-- clickOnAccInfo -->
        <test-method signature="getName()[pri:1, instance:testScenario.TestCases@5a7fe64f]" started-at="2024-04-03T20:35:58 IST" name="getName" finished-at="2024-04-03T20:35:59 IST" duration-ms="1044" status="PASS">
          <reporter-output>
          </reporter-output>
        </test-method> <!-- getName -->
        <test-method signature="getEmailId()[pri:2, instance:testScenario.TestCases@5a7fe64f]" started-at="2024-04-03T20:35:59 IST" name="getEmailId" finished-at="2024-04-03T20:36:00 IST" duration-ms="1038" status="PASS">
          <reporter-output>
          </reporter-output>
        </test-method> <!-- getEmailId -->
        <test-method signature="ClickOnCompany()[pri:3, instance:testScenario.TestCases@5a7fe64f]" started-at="2024-04-03T20:36:00 IST" name="ClickOnCompany" finished-at="2024-04-03T20:36:01 IST" duration-ms="1115" status="PASS">
          <reporter-output>
          </reporter-output>
        </test-method> <!-- ClickOnCompany -->
        <test-method signature="clickOnAcronym()[pri:4, instance:testScenario.TestCases@5a7fe64f]" started-at="2024-04-03T20:36:02 IST" name="clickOnAcronym" finished-at="2024-04-03T20:36:03 IST" duration-ms="1117" status="PASS">
          <reporter-output>
          </reporter-output>
        </test-method> <!-- clickOnAcronym -->
        <test-method signature="acronymTooltip()[pri:5, instance:testScenario.TestCases@5a7fe64f]" started-at="2024-04-03T20:36:05 IST" name="acronymTooltip" finished-at="2024-04-03T20:36:06 IST" duration-ms="1025" status="PASS">
          <reporter-output>
          </reporter-output>
        </test-method> <!-- acronymTooltip -->
        <test-method signature="isAcronymDisp()[pri:6, instance:testScenario.TestCases@5a7fe64f]" started-at="2024-04-03T20:36:06 IST" name="isAcronymDisp" finished-at="2024-04-03T20:36:06 IST" duration-ms="28" status="PASS">
          <reporter-output>
          </reporter-output>
        </test-method> <!-- isAcronymDisp -->
        <test-method signature="rowCount()[pri:7, instance:testScenario.TestCases@5a7fe64f]" started-at="2024-04-03T20:36:06 IST" name="rowCount" finished-at="2024-04-03T20:36:06 IST" duration-ms="31" status="PASS">
          <reporter-output>
          </reporter-output>
        </test-method> <!-- rowCount -->
        <test-method signature="acronymDataPrint()[pri:9, instance:testScenario.TestCases@5a7fe64f]" started-at="2024-04-03T20:36:07 IST" name="acronymDataPrint" finished-at="2024-04-03T20:36:44 IST" duration-ms="37852" status="PASS">
          <reporter-output>
          </reporter-output>
        </test-method> <!-- acronymDataPrint -->
        <test-method signature="ClickOnBeCogni()[pri:10, instance:testScenario.TestCases@5a7fe64f]" started-at="2024-04-03T20:36:45 IST" name="ClickOnBeCogni" finished-at="2024-04-03T20:36:47 IST" duration-ms="2124" status="PASS">
          <reporter-output>
          </reporter-output>
        </test-method> <!-- ClickOnBeCogni -->
        <test-method signature="ValidateCogniHomePage()[pri:11, instance:testScenario.TestCases@5a7fe64f]" started-at="2024-04-03T20:36:47 IST" name="ValidateCogniHomePage" finished-at="2024-04-03T20:36:47 IST" duration-ms="5" status="PASS">
          <reporter-output>
          </reporter-output>
        </test-method> <!-- ValidateCogniHomePage -->
        <test-method signature="scrollToBottom()[pri:12, instance:testScenario.TestCases@5a7fe64f]" started-at="2024-04-03T20:36:47 IST" name="scrollToBottom" finished-at="2024-04-03T20:36:49 IST" duration-ms="2046" status="PASS">
          <reporter-output>
          </reporter-output>
        </test-method> <!-- scrollToBottom -->
        <test-method signature="getStockPriceUSD()[pri:13, instance:testScenario.TestCases@5a7fe64f]" started-at="2024-04-03T20:36:50 IST" name="getStockPriceUSD" finished-at="2024-04-03T20:36:52 IST" duration-ms="2290" status="PASS">
          <reporter-output>
          </reporter-output>
        </test-method> <!-- getStockPriceUSD -->
        <test-method signature="compareStockPrice()[pri:14, instance:testScenario.TestCases@5a7fe64f]" started-at="2024-04-03T20:36:52 IST" name="compareStockPrice" finished-at="2024-04-03T20:37:33 IST" duration-ms="41450" status="PASS">
          <reporter-output>
          </reporter-output>
        </test-method> <!-- compareStockPrice -->
        <test-method is-config="true" signature="closeBrow()[pri:0, instance:testScenario.TestCases@5a7fe64f]" started-at="2024-04-03T20:37:34 IST" name="closeBrow" finished-at="2024-04-03T20:37:47 IST" duration-ms="13224" status="PASS">
          <reporter-output>
          </reporter-output>
        </test-method> <!-- closeBrow -->
      </class> <!-- testScenario.TestCases -->
    </test> <!-- Test search in Chrome -->
  </suite> <!-- Suite -->
</testng-results>
