<?xml version="1.0" encoding="UTF-8"?>
<testsuite xmlns:xsi="http://www.w3.org/2001/XMLSchema-instance" xsi:noNamespaceSchemaLocation="https://maven.apache.org/surefire/maven-surefire-plugin/xsd/surefire-test-report.xsd" name="TestSuite" time="249.147" tests="28" errors="0" skipped="0" failures="0">
  <properties>
[...]
</properties>
  <testcase name="clickOnAccInfo" classname="testScenario.TestCases" time="10.426"/>
  <testcase name="clickOnAccInfo" classname="testScenario.TestCases" time="10.475"/>
  <testcase name="getName" classname="testScenario.TestCases" time="1.247"/>
  <testcase name="getName" classname="testScenario.TestCases" time="1.305"/>
  <testcase name="getEmailId" classname="testScenario.TestCases" time="1.248"/>
  <testcase name="getEmailId" classname="testScenario.TestCases" time="1.331"/>
  <testcase name="ClickOnCompany" classname="testScenario.TestCases" time="1.359"/>
  <testcase name="ClickOnCompany" classname="testScenario.TestCases" time="1.474"/>
  <testcase name="clickOnAcronym" classname="testScenario.TestCases" time="2.679"/>
  <testcase name="clickOnAcronym" classname="testScenario.TestCases" time="3.2"/>
  <testcase name="acronymTooltip" classname="testScenario.TestCases" time="1.144"/>
  <testcase name="acronymTooltip" classname="testScenario.TestCases" time="1.191"/>
  <testcase name="isAcronymDisp" classname="testScenario.TestCases" time="0.129"/>
  <testcase name="isAcronymDisp" classname="testScenario.TestCases" time="0.209"/>
  <testcase name="rowCount" classname="testScenario.TestCases" time="0.131"/>
  <testcase name="rowCount" classname="testScenario.TestCases" time="0.208"/>
  <testcase name="acronymDataPrint" classname="testScenario.TestCases" time="34.174"/>
  <testcase name="acronymDataPrint" classname="testScenario.TestCases" time="37.993"/>
  <testcase name="ClickOnBeCogni" classname="testScenario.TestCases" time="2.289"/>
  <testcase name="ClickOnBeCogni" classname="testScenario.TestCases" time="2.63"/>
  <testcase name="ValidateCogniHomePage" classname="testScenario.TestCases" time="0.212"/>
  <testcase name="ValidateCogniHomePage" classname="testScenario.TestCases" time="0.247"/>
  <testcase name="scrollToBottom" classname="testScenario.TestCases" time="2.166"/>
  <testcase name="scrollToBottom" classname="testScenario.TestCases" time="2.223"/>
  <testcase name="getStockPriceUSD" classname="testScenario.TestCases" time="2.238"/>
  <testcase name="getStockPriceUSD" classname="testScenario.TestCases" time="2.433"/>
  <testcase name="compareStockPrice" classname="testScenario.TestCases" time="40.452"/>
  <testcase name="compareStockPrice" classname="testScenario.TestCases" time="41.627"/>
</testsuite>