<?xml version="1.0" encoding="UTF-8"?>
<testng-results ignored="0" total="11" passed="11" failed="0" skipped="0">
  <reporter-output>
  </reporter-output>
  <suite started-at="2024-04-01T18:02:34 IST" name="Suite" finished-at="2024-04-01T18:03:42 IST" duration-ms="68112">
    <groups>
    </groups>
    <test started-at="2024-04-01T18:02:34 IST" name="Test search in Chrome" finished-at="2024-04-01T18:03:42 IST" duration-ms="68112">
      <class name="testScenario.acronym">
        <test-method is-config="true" signature="driverconfig(java.lang.String)[pri:0, instance:testScenario.acronym@909217e]" started-at="2024-04-01T18:02:34 IST" name="driverconfig" finished-at="2024-04-01T18:02:41 IST" duration-ms="6635" status="PASS">
          <params>
            <param index="0">
              <value>
                <![CDATA[chrome]]>
              </value>
            </param>
          </params>
          <reporter-output>
          </reporter-output>
        </test-method> <!-- driverconfig -->
        <test-method signature="clickOnAccInfo()[pri:0, instance:testScenario.acronym@909217e]" started-at="2024-04-01T18:02:41 IST" name="clickOnAccInfo" finished-at="2024-04-01T18:02:51 IST" duration-ms="10097" status="PASS">
          <reporter-output>
          </reporter-output>
        </test-method> <!-- clickOnAccInfo -->
        <test-method signature="getName()[pri:1, instance:testScenario.acronym@909217e]" started-at="2024-04-01T18:02:51 IST" name="getName" finished-at="2024-04-01T18:02:53 IST" duration-ms="2046" status="PASS">
          <reporter-output>
          </reporter-output>
        </test-method> <!-- getName -->
        <test-method signature="getEmailId()[pri:2, instance:testScenario.acronym@909217e]" started-at="2024-04-01T18:02:53 IST" name="getEmailId" finished-at="2024-04-01T18:02:55 IST" duration-ms="2042" status="PASS">
          <reporter-output>
          </reporter-output>
        </test-method> <!-- getEmailId -->
        <test-method signature="ClickOnCompany()[pri:3, instance:testScenario.acronym@909217e]" started-at="2024-04-01T18:02:55 IST" name="ClickOnCompany" finished-at="2024-04-01T18:02:57 IST" duration-ms="2094" status="PASS">
          <reporter-output>
          </reporter-output>
        </test-method> <!-- ClickOnCompany -->
        <test-method signature="clickOnAcronym()[pri:4, instance:testScenario.acronym@909217e]" started-at="2024-04-01T18:02:57 IST" name="clickOnAcronym" finished-at="2024-04-01T18:02:59 IST" duration-ms="2102" status="PASS">
          <reporter-output>
          </reporter-output>
        </test-method> <!-- clickOnAcronym -->
        <test-method signature="acronymTooltip()[pri:5, instance:testScenario.acronym@909217e]" started-at="2024-04-01T18:02:59 IST" name="acronymTooltip" finished-at="2024-04-01T18:03:01 IST" duration-ms="2063" status="PASS">
          <reporter-output>
          </reporter-output>
        </test-method> <!-- acronymTooltip -->
        <test-method signature="isAcronymDisp()[pri:6, instance:testScenario.acronym@909217e]" started-at="2024-04-01T18:03:01 IST" name="isAcronymDisp" finished-at="2024-04-01T18:03:02 IST" duration-ms="20" status="PASS">
          <reporter-output>
          </reporter-output>
        </test-method> <!-- isAcronymDisp -->
        <test-method signature="rowCount()[pri:7, instance:testScenario.acronym@909217e]" started-at="2024-04-01T18:03:02 IST" name="rowCount" finished-at="2024-04-01T18:03:02 IST" duration-ms="24" status="PASS">
          <reporter-output>
          </reporter-output>
        </test-method> <!-- rowCount -->
        <test-method signature="acronymDataPrint()[pri:9, instance:testScenario.acronym@909217e]" started-at="2024-04-01T18:03:02 IST" name="acronymDataPrint" finished-at="2024-04-01T18:03:27 IST" duration-ms="25673" status="PASS">
          <reporter-output>
          </reporter-output>
        </test-method> <!-- acronymDataPrint -->
        <test-method signature="ClickOnBeCogni()[pri:10, instance:testScenario.acronym@909217e]" started-at="2024-04-01T18:03:27 IST" name="ClickOnBeCogni" finished-at="2024-04-01T18:03:29 IST" duration-ms="2094" status="PASS">
          <reporter-output>
          </reporter-output>
        </test-method> <!-- ClickOnBeCogni -->
        <test-method signature="ValidateCogniHomePage()[pri:11, instance:testScenario.acronym@909217e]" started-at="2024-04-01T18:03:29 IST" name="ValidateCogniHomePage" finished-at="2024-04-01T18:03:29 IST" duration-ms="34" status="PASS">
          <reporter-output>
          </reporter-output>
        </test-method> <!-- ValidateCogniHomePage -->
        <test-method is-config="true" signature="closeBrow()[pri:0, instance:testScenario.acronym@909217e]" started-at="2024-04-01T18:03:29 IST" name="closeBrow" finished-at="2024-04-01T18:03:42 IST" duration-ms="13135" status="PASS">
          <reporter-output>
          </reporter-output>
        </test-method> <!-- closeBrow -->
      </class> <!-- testScenario.acronym -->
    </test> <!-- Test search in Chrome -->
  </suite> <!-- Suite -->
</testng-results>
