<?xml version="1.0" encoding="UTF-8"?>
<testng-results ignored="0" total="28" passed="28" failed="0" skipped="0">
  <reporter-output>
  </reporter-output>
  <suite started-at="2024-04-04T16:36:41 IST" name="Suite" finished-at="2024-04-04T16:40:41 IST" duration-ms="239682">
    <groups>
    </groups>
    <test started-at="2024-04-04T16:36:41 IST" name="Test search in Edge" finished-at="2024-04-04T16:38:44 IST" duration-ms="123236">
      <class name="testScenario.TestCases">
        <test-method is-config="true" signature="driverconfig(java.lang.String)[pri:0, instance:testScenario.TestCases@6950ed69]" started-at="2024-04-04T16:36:41 IST" name="driverconfig" finished-at="2024-04-04T16:36:49 IST" duration-ms="7904" status="PASS">
          <params>
            <param index="0">
              <value>
                <![CDATA[edge]]>
              </value>
            </param>
          </params>
          <reporter-output>
          </reporter-output>
        </test-method> <!-- driverconfig -->
        <test-method signature="clickOnAccInfo()[pri:0, instance:testScenario.TestCases@6950ed69]" started-at="2024-04-04T16:36:49 IST" name="clickOnAccInfo" finished-at="2024-04-04T16:36:59 IST" duration-ms="10195" status="PASS">
          <reporter-output>
          </reporter-output>
        </test-method> <!-- clickOnAccInfo -->
        <test-method signature="getName()[pri:1, instance:testScenario.TestCases@6950ed69]" started-at="2024-04-04T16:37:00 IST" name="getName" finished-at="2024-04-04T16:37:01 IST" duration-ms="1053" status="PASS">
          <reporter-output>
          </reporter-output>
        </test-method> <!-- getName -->
        <test-method signature="getEmailId()[pri:2, instance:testScenario.TestCases@6950ed69]" started-at="2024-04-04T16:37:01 IST" name="getEmailId" finished-at="2024-04-04T16:37:02 IST" duration-ms="1035" status="PASS">
          <reporter-output>
          </reporter-output>
        </test-method> <!-- getEmailId -->
        <test-method signature="ClickOnCompany()[pri:3, instance:testScenario.TestCases@6950ed69]" started-at="2024-04-04T16:37:02 IST" name="ClickOnCompany" finished-at="2024-04-04T16:37:04 IST" duration-ms="1138" status="PASS">
          <reporter-output>
          </reporter-output>
        </test-method> <!-- ClickOnCompany -->
        <test-method signature="clickOnAcronym()[pri:4, instance:testScenario.TestCases@6950ed69]" started-at="2024-04-04T16:37:04 IST" name="clickOnAcronym" finished-at="2024-04-04T16:37:05 IST" duration-ms="1149" status="PASS">
          <reporter-output>
          </reporter-output>
        </test-method> <!-- clickOnAcronym -->
        <test-method signature="acronymTooltip()[pri:5, instance:testScenario.TestCases@6950ed69]" started-at="2024-04-04T16:37:07 IST" name="acronymTooltip" finished-at="2024-04-04T16:37:08 IST" duration-ms="1064" status="PASS">
          <reporter-output>
          </reporter-output>
        </test-method> <!-- acronymTooltip -->
        <test-method signature="isAcronymDisp()[pri:6, instance:testScenario.TestCases@6950ed69]" started-at="2024-04-04T16:37:08 IST" name="isAcronymDisp" finished-at="2024-04-04T16:37:08 IST" duration-ms="19" status="PASS">
          <reporter-output>
          </reporter-output>
        </test-method> <!-- isAcronymDisp -->
        <test-method signature="rowCount()[pri:7, instance:testScenario.TestCases@6950ed69]" started-at="2024-04-04T16:37:08 IST" name="rowCount" finished-at="2024-04-04T16:37:08 IST" duration-ms="30" status="PASS">
          <reporter-output>
          </reporter-output>
        </test-method> <!-- rowCount -->
        <test-method signature="acronymDataPrint()[pri:9, instance:testScenario.TestCases@6950ed69]" started-at="2024-04-04T16:37:09 IST" name="acronymDataPrint" finished-at="2024-04-04T16:37:44 IST" duration-ms="35992" status="PASS">
          <reporter-output>
          </reporter-output>
        </test-method> <!-- acronymDataPrint -->
        <test-method signature="ClickOnBeCogni()[pri:10, instance:testScenario.TestCases@6950ed69]" started-at="2024-04-04T16:37:45 IST" name="ClickOnBeCogni" finished-at="2024-04-04T16:37:47 IST" duration-ms="2098" status="PASS">
          <reporter-output>
          </reporter-output>
        </test-method> <!-- ClickOnBeCogni -->
        <test-method signature="ValidateCogniHomePage()[pri:11, instance:testScenario.TestCases@6950ed69]" started-at="2024-04-04T16:37:48 IST" name="ValidateCogniHomePage" finished-at="2024-04-04T16:37:48 IST" duration-ms="28" status="PASS">
          <reporter-output>
          </reporter-output>
        </test-method> <!-- ValidateCogniHomePage -->
        <test-method signature="scrollToBottom()[pri:12, instance:testScenario.TestCases@6950ed69]" started-at="2024-04-04T16:37:48 IST" name="scrollToBottom" finished-at="2024-04-04T16:37:50 IST" duration-ms="2029" status="PASS">
          <reporter-output>
          </reporter-output>
        </test-method> <!-- scrollToBottom -->
        <test-method signature="getStockPriceUSD()[pri:13, instance:testScenario.TestCases@6950ed69]" started-at="2024-04-04T16:37:50 IST" name="getStockPriceUSD" finished-at="2024-04-04T16:37:52 IST" duration-ms="2047" status="PASS">
          <reporter-output>
          </reporter-output>
        </test-method> <!-- getStockPriceUSD -->
        <test-method signature="compareStockPrice()[pri:14, instance:testScenario.TestCases@6950ed69]" started-at="2024-04-04T16:37:52 IST" name="compareStockPrice" finished-at="2024-04-04T16:38:31 IST" duration-ms="38426" status="PASS">
          <reporter-output>
          </reporter-output>
        </test-method> <!-- compareStockPrice -->
        <test-method is-config="true" signature="closeBrow()[pri:0, instance:testScenario.TestCases@6950ed69]" started-at="2024-04-04T16:38:31 IST" name="closeBrow" finished-at="2024-04-04T16:38:44 IST" duration-ms="13331" status="PASS">
          <reporter-output>
          </reporter-output>
        </test-method> <!-- closeBrow -->
      </class> <!-- testScenario.TestCases -->
    </test> <!-- Test search in Edge -->
    <test started-at="2024-04-04T16:38:45 IST" name="Test search in Chrome" finished-at="2024-04-04T16:40:41 IST" duration-ms="116041">
      <class name="testScenario.TestCases">
        <test-method is-config="true" signature="driverconfig(java.lang.String)[pri:0, instance:testScenario.TestCases@479cbee5]" started-at="2024-04-04T16:38:45 IST" name="driverconfig" finished-at="2024-04-04T16:38:50 IST" duration-ms="5153" status="PASS">
          <params>
            <param index="0">
              <value>
                <![CDATA[chrome]]>
              </value>
            </param>
          </params>
          <reporter-output>
          </reporter-output>
        </test-method> <!-- driverconfig -->
        <test-method signature="clickOnAccInfo()[pri:0, instance:testScenario.TestCases@479cbee5]" started-at="2024-04-04T16:38:50 IST" name="clickOnAccInfo" finished-at="2024-04-04T16:39:00 IST" duration-ms="10097" status="PASS">
          <reporter-output>
          </reporter-output>
        </test-method> <!-- clickOnAccInfo -->
        <test-method signature="getName()[pri:1, instance:testScenario.TestCases@479cbee5]" started-at="2024-04-04T16:39:00 IST" name="getName" finished-at="2024-04-04T16:39:01 IST" duration-ms="1035" status="PASS">
          <reporter-output>
          </reporter-output>
        </test-method> <!-- getName -->
        <test-method signature="getEmailId()[pri:2, instance:testScenario.TestCases@479cbee5]" started-at="2024-04-04T16:39:01 IST" name="getEmailId" finished-at="2024-04-04T16:39:03 IST" duration-ms="1064" status="PASS">
          <reporter-output>
          </reporter-output>
        </test-method> <!-- getEmailId -->
        <test-method signature="ClickOnCompany()[pri:3, instance:testScenario.TestCases@479cbee5]" started-at="2024-04-04T16:39:03 IST" name="ClickOnCompany" finished-at="2024-04-04T16:39:04 IST" duration-ms="1101" status="PASS">
          <reporter-output>
          </reporter-output>
        </test-method> <!-- ClickOnCompany -->
        <test-method signature="clickOnAcronym()[pri:4, instance:testScenario.TestCases@479cbee5]" started-at="2024-04-04T16:39:04 IST" name="clickOnAcronym" finished-at="2024-04-04T16:39:05 IST" duration-ms="1099" status="PASS">
          <reporter-output>
          </reporter-output>
        </test-method> <!-- clickOnAcronym -->
        <test-method signature="acronymTooltip()[pri:5, instance:testScenario.TestCases@479cbee5]" started-at="2024-04-04T16:39:07 IST" name="acronymTooltip" finished-at="2024-04-04T16:39:08 IST" duration-ms="1037" status="PASS">
          <reporter-output>
          </reporter-output>
        </test-method> <!-- acronymTooltip -->
        <test-method signature="isAcronymDisp()[pri:6, instance:testScenario.TestCases@479cbee5]" started-at="2024-04-04T16:39:08 IST" name="isAcronymDisp" finished-at="2024-04-04T16:39:08 IST" duration-ms="17" status="PASS">
          <reporter-output>
          </reporter-output>
        </test-method> <!-- isAcronymDisp -->
        <test-method signature="rowCount()[pri:7, instance:testScenario.TestCases@479cbee5]" started-at="2024-04-04T16:39:09 IST" name="rowCount" finished-at="2024-04-04T16:39:09 IST" duration-ms="27" status="PASS">
          <reporter-output>
          </reporter-output>
        </test-method> <!-- rowCount -->
        <test-method signature="acronymDataPrint()[pri:9, instance:testScenario.TestCases@479cbee5]" started-at="2024-04-04T16:39:09 IST" name="acronymDataPrint" finished-at="2024-04-04T16:39:44 IST" duration-ms="35184" status="PASS">
          <reporter-output>
          </reporter-output>
        </test-method> <!-- acronymDataPrint -->
        <test-method signature="ClickOnBeCogni()[pri:10, instance:testScenario.TestCases@479cbee5]" started-at="2024-04-04T16:39:44 IST" name="ClickOnBeCogni" finished-at="2024-04-04T16:39:46 IST" duration-ms="2115" status="PASS">
          <reporter-output>
          </reporter-output>
        </test-method> <!-- ClickOnBeCogni -->
        <test-method signature="ValidateCogniHomePage()[pri:11, instance:testScenario.TestCases@479cbee5]" started-at="2024-04-04T16:39:47 IST" name="ValidateCogniHomePage" finished-at="2024-04-04T16:39:47 IST" duration-ms="6" status="PASS">
          <reporter-output>
          </reporter-output>
        </test-method> <!-- ValidateCogniHomePage -->
        <test-method signature="scrollToBottom()[pri:12, instance:testScenario.TestCases@479cbee5]" started-at="2024-04-04T16:39:47 IST" name="scrollToBottom" finished-at="2024-04-04T16:39:49 IST" duration-ms="2031" status="PASS">
          <reporter-output>
          </reporter-output>
        </test-method> <!-- scrollToBottom -->
        <test-method signature="getStockPriceUSD()[pri:13, instance:testScenario.TestCases@479cbee5]" started-at="2024-04-04T16:39:49 IST" name="getStockPriceUSD" finished-at="2024-04-04T16:39:51 IST" duration-ms="2048" status="PASS">
          <reporter-output>
          </reporter-output>
        </test-method> <!-- getStockPriceUSD -->
        <test-method signature="compareStockPrice()[pri:14, instance:testScenario.TestCases@479cbee5]" started-at="2024-04-04T16:39:51 IST" name="compareStockPrice" finished-at="2024-04-04T16:40:27 IST" duration-ms="36135" status="PASS">
          <reporter-output>
          </reporter-output>
        </test-method> <!-- compareStockPrice -->
        <test-method is-config="true" signature="closeBrow()[pri:0, instance:testScenario.TestCases@479cbee5]" started-at="2024-04-04T16:40:27 IST" name="closeBrow" finished-at="2024-04-04T16:40:41 IST" duration-ms="13281" status="PASS">
          <reporter-output>
          </reporter-output>
        </test-method> <!-- closeBrow -->
      </class> <!-- testScenario.TestCases -->
    </test> <!-- Test search in Chrome -->
  </suite> <!-- Suite -->
</testng-results>
